<?xml version="1.0" encoding="UTF-8"?>
<!-- Generated by org.testng.reporters.JUnitXMLReporter -->
<testsuite hostname="LAPTOP-SEBM3OSS" ignored="0" name="Default test" tests="5" failures="0" timestamp="2024-09-23T23:30:29 EDT" time="5.319" errors="0">
  <testcase name="ShouldBeableToGetAPlaylist" time="4.058" classname="com.spotify.oauth2.tests.PlayListTest"/>
  <testcase name="ShouldBeableToUpdateAPlaylist" time="0.377" classname="com.spotify.oauth2.tests.PlayListTest"/>
  <testcase name="ShouldBeableTocreatePlaylist" time="0.297" classname="com.spotify.oauth2.tests.PlayListTest"/>
  <testcase name="ShouldnotBeableTocreatePlaylistWithExpiredToken" time="0.157" classname="com.spotify.oauth2.tests.PlayListTest"/>
  <testcase name="ShouldnotBeableTocreatePlaylistWithoutname" time="0.19" classname="com.spotify.oauth2.tests.PlayListTest"/>
</testsuite> <!-- Default test -->
