<?xml version="1.0" encoding="UTF-8"?>
<!-- Generated by org.testng.reporters.JUnitXMLReporter -->
<testsuite hostname="LAPTOP-SEBM3OSS" ignored="0" name="Default test" tests="5" failures="0" timestamp="2026-03-23T23:42:02 EDT" time="6.168" errors="0">
  <testcase name="ShouldBeableToGetAPlaylist" time="4.605" classname="com.spotify.oauth2.tests.PlayListTest"/>
  <testcase name="ShouldBeableToUpdateAPlaylist" time="0.517" classname="com.spotify.oauth2.tests.PlayListTest"/>
  <testcase name="ShouldBeableTocreatePlaylist" time="0.384" classname="com.spotify.oauth2.tests.PlayListTest"/>
  <testcase name="ShouldnotBeableTocreatePlaylistWithExpiredToken" time="0.178" classname="com.spotify.oauth2.tests.PlayListTest"/>
  <testcase name="ShouldnotBeableTocreatePlaylistWithoutname" time="0.163" classname="com.spotify.oauth2.tests.PlayListTest"/>
</testsuite> <!-- Default test -->
