<?xml version="1.0" encoding="UTF-8"?>
<testng-results skipped="0" failed="0" ignored="0" total="5" passed="5">
  <reporter-output>
  </reporter-output>
  <suite name="Default suite" duration-ms="5319" started-at="2024-09-23T23:30:24 EDT" finished-at="2024-09-23T23:30:29 EDT">
    <groups>
    </groups>
    <test name="Default test" duration-ms="5319" started-at="2024-09-23T23:30:24 EDT" finished-at="2024-09-23T23:30:29 EDT">
      <class name="com.spotify.oauth2.tests.PlayListTest">
        <test-method status="PASS" signature="beforeMethod(java.lang.reflect.Method)[pri:0, instance:com.spotify.oauth2.tests.PlayListTest@48b0e701]" name="beforeMethod" is-config="true" duration-ms="16" started-at="2024-09-23T23:30:24 EDT" finished-at="2024-09-23T23:30:24 EDT">
          <params>
            <param index="0">
              <value>
                <![CDATA[public void com.spotify.oauth2.tests.PlayListTest.ShouldBeableToGetAPlaylist()]]>
              </value>
            </param>
          </params>
          <reporter-output>
          </reporter-output>
        </test-method> <!-- beforeMethod -->
        <test-method status="PASS" signature="ShouldBeableToGetAPlaylist()[pri:0, instance:com.spotify.oauth2.tests.PlayListTest@48b0e701]" name="ShouldBeableToGetAPlaylist" duration-ms="4058" started-at="2024-09-23T23:30:24 EDT" finished-at="2024-09-23T23:30:28 EDT">
          <reporter-output>
          </reporter-output>
        </test-method> <!-- ShouldBeableToGetAPlaylist -->
        <test-method status="PASS" signature="beforeMethod(java.lang.reflect.Method)[pri:0, instance:com.spotify.oauth2.tests.PlayListTest@48b0e701]" name="beforeMethod" is-config="true" duration-ms="0" started-at="2024-09-23T23:30:28 EDT" finished-at="2024-09-23T23:30:28 EDT">
          <params>
            <param index="0">
              <value>
                <![CDATA[public void com.spotify.oauth2.tests.PlayListTest.ShouldBeableToUpdateAPlaylist()]]>
              </value>
            </param>
          </params>
          <reporter-output>
          </reporter-output>
        </test-method> <!-- beforeMethod -->
        <test-method status="PASS" signature="ShouldBeableToUpdateAPlaylist()[pri:0, instance:com.spotify.oauth2.tests.PlayListTest@48b0e701]" name="ShouldBeableToUpdateAPlaylist" duration-ms="377" started-at="2024-09-23T23:30:28 EDT" finished-at="2024-09-23T23:30:28 EDT">
          <reporter-output>
          </reporter-output>
        </test-method> <!-- ShouldBeableToUpdateAPlaylist -->
        <test-method status="PASS" signature="beforeMethod(java.lang.reflect.Method)[pri:0, instance:com.spotify.oauth2.tests.PlayListTest@48b0e701]" name="beforeMethod" is-config="true" duration-ms="0" started-at="2024-09-23T23:30:28 EDT" finished-at="2024-09-23T23:30:28 EDT">
          <params>
            <param index="0">
              <value>
                <![CDATA[public void com.spotify.oauth2.tests.PlayListTest.ShouldBeableTocreatePlaylist()]]>
              </value>
            </param>
          </params>
          <reporter-output>
          </reporter-output>
        </test-method> <!-- beforeMethod -->
        <test-method status="PASS" signature="ShouldBeableTocreatePlaylist()[pri:0, instance:com.spotify.oauth2.tests.PlayListTest@48b0e701]" name="ShouldBeableTocreatePlaylist" duration-ms="297" started-at="2024-09-23T23:30:28 EDT" description="Should be create a playlist" finished-at="2024-09-23T23:30:28 EDT">
          <reporter-output>
          </reporter-output>
        </test-method> <!-- ShouldBeableTocreatePlaylist -->
        <test-method status="PASS" signature="ShouldnotBeableTocreatePlaylistWithExpiredToken()[pri:0, instance:com.spotify.oauth2.tests.PlayListTest@48b0e701]" name="ShouldnotBeableTocreatePlaylistWithExpiredToken" duration-ms="157" started-at="2024-09-23T23:30:29 EDT" finished-at="2024-09-23T23:30:29 EDT">
          <reporter-output>
          </reporter-output>
        </test-method> <!-- ShouldnotBeableTocreatePlaylistWithExpiredToken -->
        <test-method status="PASS" signature="beforeMethod(java.lang.reflect.Method)[pri:0, instance:com.spotify.oauth2.tests.PlayListTest@48b0e701]" name="beforeMethod" is-config="true" duration-ms="0" started-at="2024-09-23T23:30:29 EDT" finished-at="2024-09-23T23:30:29 EDT">
          <params>
            <param index="0">
              <value>
                <![CDATA[public void com.spotify.oauth2.tests.PlayListTest.ShouldnotBeableTocreatePlaylistWithExpiredToken()]]>
              </value>
            </param>
          </params>
          <reporter-output>
          </reporter-output>
        </test-method> <!-- beforeMethod -->
        <test-method status="PASS" signature="beforeMethod(java.lang.reflect.Method)[pri:0, instance:com.spotify.oauth2.tests.PlayListTest@48b0e701]" name="beforeMethod" is-config="true" duration-ms="0" started-at="2024-09-23T23:30:29 EDT" finished-at="2024-09-23T23:30:29 EDT">
          <params>
            <param index="0">
              <value>
                <![CDATA[public void com.spotify.oauth2.tests.PlayListTest.ShouldnotBeableTocreatePlaylistWithoutname()]]>
              </value>
            </param>
          </params>
          <reporter-output>
          </reporter-output>
        </test-method> <!-- beforeMethod -->
        <test-method status="PASS" signature="ShouldnotBeableTocreatePlaylistWithoutname()[pri:0, instance:com.spotify.oauth2.tests.PlayListTest@48b0e701]" name="ShouldnotBeableTocreatePlaylistWithoutname" duration-ms="190" started-at="2024-09-23T23:30:29 EDT" finished-at="2024-09-23T23:30:29 EDT">
          <reporter-output>
          </reporter-output>
        </test-method> <!-- ShouldnotBeableTocreatePlaylistWithoutname -->
      </class> <!-- com.spotify.oauth2.tests.PlayListTest -->
    </test> <!-- Default test -->
  </suite> <!-- Default suite -->
</testng-results>
