<?xml version="1.0" encoding="UTF-8"?>
<!-- Generated by org.testng.reporters.JUnitReportReporter -->
<testsuite skipped="0" hostname="LAPTOP-SEBM3OSS" name="com.spotify.oauth2.tests.PlayListTest" tests="5" failures="0" timestamp="2024-05-24T00:29:57 EDT" time="5.999" errors="0">
  <testcase name="ShouldBeableToUpdateAPlaylist" time="0.348" classname="com.spotify.oauth2.tests.PlayListTest"/>
  <system-out/>
  <testcase name="ShouldnotBeableTocreatePlaylistWithoutname" time="0.206" classname="com.spotify.oauth2.tests.PlayListTest"/>
  <system-out/>
  <testcase name="ShouldBeableToGetAPlaylist" time="4.454" classname="com.spotify.oauth2.tests.PlayListTest"/>
  <system-out/>
  <testcase name="ShouldBeableTocreatePlaylist" time="0.711" classname="com.spotify.oauth2.tests.PlayListTest"/>
  <system-out/>
  <testcase name="ShouldnotBeableTocreatePlaylistWithExpiredToken" time="0.280" classname="com.spotify.oauth2.tests.PlayListTest"/>
  <system-out/>
</testsuite> <!-- com.spotify.oauth2.tests.PlayListTest -->
